2021-07-14 12:45:03,560 INFO Professor => 1381304-Id vela
2021-07-14 12:45:03,560 INFO Professor => 1.18258-Valor da vela
2021-07-14 12:45:03,560 INFO Professor => None-Fractal
2021-07-14 12:45:03,560 INFO Professor => call-boliguer
2021-07-14 12:45:03,560 INFO Professor => call-tendencia
2021-07-14 12:45:03,561 INFO Professor => call-volume
2021-07-14 12:45:03,561 INFO Professor => False-parabolic
2021-07-14 12:45:03,561 INFO comven => Direção : call
2021-07-14 12:46:03,138 INFO comven => Valor : WIN /,12.02
2021-07-14 12:48:06,082 INFO Professor => 1381307-Id vela
2021-07-14 12:48:06,082 INFO Professor => 1.18237-Valor da vela
2021-07-14 12:48:06,082 INFO Professor => None-Fractal
2021-07-14 12:48:06,083 INFO Professor => call-boliguer
2021-07-14 12:48:06,083 INFO Professor => call-tendencia
2021-07-14 12:48:06,083 INFO Professor => call-volume
2021-07-14 12:48:06,083 INFO Professor => False-parabolic
2021-07-14 12:48:06,083 INFO comven => Direção : call
2021-07-14 12:49:02,793 INFO comven => Valor : LOSS /,-20
2021-07-14 12:49:58,450 INFO Professor => 1381308-Id vela
2021-07-14 12:49:58,450 INFO Professor => 1.18216-Valor da vela
2021-07-14 12:49:58,450 INFO Professor => None-Fractal
2021-07-14 12:49:58,450 INFO Professor => call-boliguer
2021-07-14 12:49:58,451 INFO Professor => False-tendencia
2021-07-14 12:49:58,451 INFO Professor => call-volume
2021-07-14 12:49:58,451 INFO Professor => call-parabolic
2021-07-14 12:49:58,451 INFO comven => Direção : call
2021-07-14 12:51:03,474 INFO comven => Valor : WIN /,44.08
