2021-07-13 21:37:23,481 INFO Professor => 1380396-Id vela
2021-07-13 21:37:23,481 INFO Professor => 1.17754-Valor da vela
2021-07-13 21:37:23,482 INFO Professor => None-Fractal
2021-07-13 21:37:23,482 INFO Professor => call-boliguer
2021-07-13 21:37:23,482 INFO Professor => call-tendencia
2021-07-13 21:37:23,482 INFO Professor => call-volume
2021-07-13 21:37:23,482 INFO Professor => False-parabolic
2021-07-13 21:37:23,483 INFO comven => Direção : call
2021-07-13 21:38:02,357 INFO comven => Valor : WIN /,12.02
2021-07-13 21:39:24,021 INFO Professor => 1380398-Id vela
2021-07-13 21:39:24,022 INFO Professor => 1.177545-Valor da vela
2021-07-13 21:39:24,022 INFO Professor => None-Fractal
2021-07-13 21:39:24,022 INFO Professor => call-boliguer
2021-07-13 21:39:24,022 INFO Professor => call-tendencia
2021-07-13 21:39:24,022 INFO Professor => call-volume
2021-07-13 21:39:24,022 INFO Professor => False-parabolic
2021-07-13 21:39:24,023 INFO comven => Direção : call
2021-07-13 21:40:02,918 INFO comven => Valor : LOSS /,-20
2021-07-13 21:40:04,575 INFO Professor => 1380399-Id vela
2021-07-13 21:40:04,575 INFO Professor => 1.17749-Valor da vela
2021-07-13 21:40:04,575 INFO Professor => False-Fractal
2021-07-13 21:40:04,576 INFO Professor => call-boliguer
2021-07-13 21:40:04,576 INFO Professor => call-tendencia
2021-07-13 21:40:04,576 INFO Professor => call-volume
2021-07-13 21:40:04,576 INFO Professor => False-parabolic
2021-07-13 21:40:04,576 INFO comven => Direção : call
2021-07-13 21:41:02,658 INFO comven => Valor : LOSS /,-73.35
