2021-03-11 14:48:09,447 INFO main => INICIANDO EXE
2021-03-11 14:53:03,789 INFO banda_bollinguer => A vela de banda é a 1253229
2021-03-11 14:53:03,789 INFO main => Modelo :Banda Bollinguer | direcao : call
2021-03-11 14:53:05,413 INFO banda_bollinguer => A vela de banda é a 1253229
2021-03-11 14:53:05,414 INFO main => Modelo :Banda Bollinguer | direcao : call
2021-03-11 14:53:06,952 INFO banda_bollinguer => A vela de banda é a 1253229
2021-03-11 14:53:06,952 INFO main => Modelo :Banda Bollinguer | direcao : call
2021-03-11 14:53:08,467 INFO banda_bollinguer => A vela de banda é a 1253229
2021-03-11 14:53:08,468 INFO main => Modelo :Banda Bollinguer | direcao : call
2021-03-11 14:53:10,006 INFO banda_bollinguer => A vela de banda é a 1253229
2021-03-11 14:53:10,007 INFO main => Modelo :Banda Bollinguer | direcao : call
2021-03-11 14:53:11,687 INFO banda_bollinguer => A vela de banda é a 1253229
2021-03-11 14:53:11,687 INFO main => Modelo :Banda Bollinguer | direcao : call
2021-03-11 14:53:13,207 INFO banda_bollinguer => A vela de banda é a 1253229
2021-03-11 14:53:13,207 INFO main => Modelo :Banda Bollinguer | direcao : call
2021-03-11 14:53:14,729 INFO banda_bollinguer => A vela de banda é a 1253229
2021-03-11 14:53:14,733 INFO main => Modelo :Banda Bollinguer | direcao : call
2021-03-11 14:53:16,251 INFO banda_bollinguer => A vela de banda é a 1253229
2021-03-11 14:53:16,252 INFO main => Modelo :Banda Bollinguer | direcao : call
2021-03-11 14:53:18,103 INFO banda_bollinguer => A vela de banda é a 1253229
2021-03-11 14:53:18,104 INFO main => Modelo :Banda Bollinguer | direcao : call
2021-03-11 14:53:19,924 INFO banda_bollinguer => A vela de banda é a 1253229
2021-03-11 14:53:19,924 INFO main => Modelo :Banda Bollinguer | direcao : call
2021-03-11 14:53:21,460 INFO banda_bollinguer => A vela de banda é a 1253229
2021-03-11 14:53:21,460 INFO main => Modelo :Banda Bollinguer | direcao : call
2021-03-11 14:53:22,973 INFO banda_bollinguer => A vela de banda é a 1253229
2021-03-11 14:53:22,973 INFO main => Modelo :Banda Bollinguer | direcao : call
2021-03-11 14:53:24,579 INFO banda_bollinguer => A vela de banda é a 1253229
2021-03-11 14:53:24,579 INFO main => Modelo :Banda Bollinguer | direcao : call
2021-03-11 14:53:26,100 INFO banda_bollinguer => A vela de banda é a 1253229
2021-03-11 14:53:26,100 INFO main => Modelo :Banda Bollinguer | direcao : call
2021-03-11 14:53:27,664 INFO banda_bollinguer => A vela de banda é a 1253229
2021-03-11 14:53:27,665 INFO main => Modelo :Banda Bollinguer | direcao : call
2021-03-11 14:53:29,201 INFO banda_bollinguer => A vela de banda é a 1253229
2021-03-11 14:53:29,202 INFO main => Modelo :Banda Bollinguer | direcao : call
2021-03-11 14:53:30,797 INFO banda_bollinguer => A vela de banda é a 1253229
2021-03-11 14:53:30,797 INFO main => Modelo :Banda Bollinguer | direcao : call
2021-03-11 14:53:32,447 INFO banda_bollinguer => A vela de banda é a 1253229
2021-03-11 14:53:32,447 INFO main => Modelo :Banda Bollinguer | direcao : call
2021-03-11 14:53:33,960 INFO banda_bollinguer => A vela de banda é a 1253229
2021-03-11 14:53:33,960 INFO main => Modelo :Banda Bollinguer | direcao : call
2021-03-11 14:53:35,966 INFO banda_bollinguer => A vela de banda é a 1253229
2021-03-11 14:53:35,966 INFO main => Modelo :Banda Bollinguer | direcao : call
2021-03-11 14:53:37,616 INFO banda_bollinguer => A vela de banda é a 1253229
2021-03-11 14:53:37,617 INFO main => Modelo :Banda Bollinguer | direcao : call
2021-03-11 14:53:39,134 INFO banda_bollinguer => A vela de banda é a 1253229
2021-03-11 14:53:39,134 INFO main => Modelo :Banda Bollinguer | direcao : call
2021-03-11 14:53:40,952 INFO banda_bollinguer => A vela de banda é a 1253229
2021-03-11 14:53:40,952 INFO main => Modelo :Banda Bollinguer | direcao : call
2021-03-11 14:53:42,468 INFO banda_bollinguer => A vela de banda é a 1253229
2021-03-11 14:53:42,468 INFO main => Modelo :Banda Bollinguer | direcao : call
2021-03-11 14:53:43,985 INFO banda_bollinguer => A vela de banda é a 1253229
2021-03-11 14:53:43,985 INFO main => Modelo :Banda Bollinguer | direcao : call
2021-03-11 14:53:45,520 INFO banda_bollinguer => A vela de banda é a 1253229
2021-03-11 14:53:45,520 INFO main => Modelo :Banda Bollinguer | direcao : call
2021-03-11 14:53:47,076 INFO banda_bollinguer => A vela de banda é a 1253229
2021-03-11 14:53:47,077 INFO main => Modelo :Banda Bollinguer | direcao : call
2021-03-11 14:53:48,697 INFO banda_bollinguer => A vela de banda é a 1253229
2021-03-11 14:53:48,698 INFO main => Modelo :Banda Bollinguer | direcao : call
2021-03-11 14:53:50,235 INFO banda_bollinguer => A vela de banda é a 1253229
2021-03-11 14:53:50,236 INFO main => Modelo :Banda Bollinguer | direcao : call
2021-03-11 14:53:51,751 INFO banda_bollinguer => A vela de banda é a 1253229
2021-03-11 14:53:51,751 INFO main => Modelo :Banda Bollinguer | direcao : call
2021-03-11 14:53:53,270 INFO banda_bollinguer => A vela de banda é a 1253229
2021-03-11 14:53:53,270 INFO main => Modelo :Banda Bollinguer | direcao : call
2021-03-11 14:53:54,784 INFO banda_bollinguer => A vela de banda é a 1253229
2021-03-11 14:53:54,784 INFO main => Modelo :Banda Bollinguer | direcao : call
2021-03-11 14:53:56,320 INFO banda_bollinguer => A vela de banda é a 1253229
2021-03-11 14:53:56,321 INFO main => Modelo :Banda Bollinguer | direcao : call
2021-03-11 14:53:57,963 INFO banda_bollinguer => A vela de banda é a 1253229
2021-03-11 14:53:57,963 INFO main => Modelo :Banda Bollinguer | direcao : call
2021-03-11 14:53:59,579 INFO banda_bollinguer => A vela de banda é a 1253229
2021-03-11 14:53:59,579 INFO main => Modelo :Banda Bollinguer | direcao : call
2021-03-11 14:54:01,177 INFO banda_bollinguer => A vela de banda é a 1253229
2021-03-11 14:54:01,601 INFO main => Modelo :Banda Bollinguer | direcao : call
2021-03-11 14:54:03,157 INFO banda_bollinguer => A vela de banda é a 1253230
2021-03-11 14:54:03,157 INFO main => Modelo :Banda Bollinguer | direcao : call
2021-03-11 14:54:04,679 INFO banda_bollinguer => A vela de banda é a 1253230
2021-03-11 14:54:04,679 INFO main => Modelo :Banda Bollinguer | direcao : call
2021-03-11 14:54:06,499 INFO banda_bollinguer => A vela de banda é a 1253230
2021-03-11 14:54:06,500 INFO main => Modelo :Banda Bollinguer | direcao : call
2021-03-11 14:54:09,759 INFO banda_bollinguer => A vela de banda é a 1253230
2021-03-11 14:54:09,760 INFO main => Modelo :Banda Bollinguer | direcao : call
2021-03-11 14:54:11,363 INFO banda_bollinguer => A vela de banda é a 1253230
2021-03-11 14:54:11,364 INFO main => Modelo :Banda Bollinguer | direcao : call
2021-03-11 14:54:12,979 INFO banda_bollinguer => A vela de banda é a 1253230
2021-03-11 14:54:12,980 INFO main => Modelo :Banda Bollinguer | direcao : call
2021-03-11 14:54:14,599 INFO banda_bollinguer => A vela de banda é a 1253230
2021-03-11 14:54:14,600 INFO main => Modelo :Banda Bollinguer | direcao : call
2021-03-11 14:54:16,118 INFO banda_bollinguer => A vela de banda é a 1253230
2021-03-11 14:54:16,118 INFO main => Modelo :Banda Bollinguer | direcao : call
2021-03-11 14:54:17,666 INFO banda_bollinguer => A vela de banda é a 1253230
2021-03-11 14:54:17,674 INFO main => Modelo :Banda Bollinguer | direcao : call
2021-03-11 14:54:19,189 INFO banda_bollinguer => A vela de banda é a 1253230
2021-03-11 14:54:19,190 INFO main => Modelo :Banda Bollinguer | direcao : call
2021-03-11 14:54:20,876 INFO banda_bollinguer => A vela de banda é a 1253230
2021-03-11 14:54:20,876 INFO main => Modelo :Banda Bollinguer | direcao : call
2021-03-11 14:54:22,428 INFO banda_bollinguer => A vela de banda é a 1253230
2021-03-11 14:54:22,428 INFO main => Modelo :Banda Bollinguer | direcao : call
2021-03-11 14:54:24,011 INFO banda_bollinguer => A vela de banda é a 1253230
2021-03-11 14:54:24,012 INFO main => Modelo :Banda Bollinguer | direcao : call
2021-03-11 14:54:25,598 INFO banda_bollinguer => A vela de banda é a 1253230
2021-03-11 14:54:25,604 INFO main => Modelo :Banda Bollinguer | direcao : call
2021-03-11 14:54:27,139 INFO banda_bollinguer => A vela de banda é a 1253230
2021-03-11 14:54:27,140 INFO main => Modelo :Banda Bollinguer | direcao : call
2021-03-11 14:54:28,839 INFO banda_bollinguer => A vela de banda é a 1253230
2021-03-11 14:54:28,839 INFO main => Modelo :Banda Bollinguer | direcao : call
2021-03-11 14:54:30,452 INFO banda_bollinguer => A vela de banda é a 1253230
2021-03-11 14:54:30,452 INFO main => Modelo :Banda Bollinguer | direcao : call
2021-03-11 14:54:31,993 INFO banda_bollinguer => A vela de banda é a 1253230
2021-03-11 14:54:31,996 INFO main => Modelo :Banda Bollinguer | direcao : call
2021-03-11 14:54:33,527 INFO banda_bollinguer => A vela de banda é a 1253230
2021-03-11 14:54:33,528 INFO main => Modelo :Banda Bollinguer | direcao : call
2021-03-11 14:54:35,046 INFO banda_bollinguer => A vela de banda é a 1253230
2021-03-11 14:54:35,047 INFO main => Modelo :Banda Bollinguer | direcao : call
2021-03-11 14:54:36,574 INFO banda_bollinguer => A vela de banda é a 1253230
2021-03-11 14:54:36,575 INFO main => Modelo :Banda Bollinguer | direcao : call
2021-03-11 14:54:38,118 INFO banda_bollinguer => A vela de banda é a 1253230
2021-03-11 14:54:38,118 INFO main => Modelo :Banda Bollinguer | direcao : call
2021-03-11 14:54:39,675 INFO banda_bollinguer => A vela de banda é a 1253230
2021-03-11 14:54:39,676 INFO main => Modelo :Banda Bollinguer | direcao : call
2021-03-11 14:54:41,200 INFO banda_bollinguer => A vela de banda é a 1253230
2021-03-11 14:54:41,201 INFO main => Modelo :Banda Bollinguer | direcao : call
2021-03-11 14:54:42,736 INFO banda_bollinguer => A vela de banda é a 1253230
2021-03-11 14:54:42,736 INFO main => Modelo :Banda Bollinguer | direcao : call
2021-03-11 14:54:44,591 INFO banda_bollinguer => A vela de banda é a 1253230
2021-03-11 14:54:44,592 INFO main => Modelo :Banda Bollinguer | direcao : call
2021-03-11 14:54:46,204 INFO banda_bollinguer => A vela de banda é a 1253230
2021-03-11 14:54:46,204 INFO main => Modelo :Banda Bollinguer | direcao : call
2021-03-11 14:54:47,717 INFO banda_bollinguer => A vela de banda é a 1253230
2021-03-11 14:54:47,717 INFO main => Modelo :Banda Bollinguer | direcao : call
2021-03-11 14:54:49,225 INFO banda_bollinguer => A vela de banda é a 1253230
2021-03-11 14:54:49,225 INFO main => Modelo :Banda Bollinguer | direcao : call
2021-03-11 14:54:50,784 INFO banda_bollinguer => A vela de banda é a 1253230
2021-03-11 14:54:50,784 INFO main => Modelo :Banda Bollinguer | direcao : call
2021-03-11 14:54:52,306 INFO banda_bollinguer => A vela de banda é a 1253230
2021-03-11 14:54:52,307 INFO main => Modelo :Banda Bollinguer | direcao : call
2021-03-11 14:54:54,439 INFO banda_bollinguer => A vela de banda é a 1253230
2021-03-11 14:54:54,439 INFO main => Modelo :Banda Bollinguer | direcao : call
2021-03-11 14:54:55,953 INFO banda_bollinguer => A vela de banda é a 1253230
2021-03-11 14:54:55,954 INFO main => Modelo :Banda Bollinguer | direcao : call
2021-03-11 14:54:57,481 INFO banda_bollinguer => A vela de banda é a 1253230
2021-03-11 14:54:57,481 INFO main => Modelo :Banda Bollinguer | direcao : call
2021-03-11 14:54:59,168 INFO banda_bollinguer => A vela de banda é a 1253230
2021-03-11 14:54:59,168 INFO main => Modelo :Banda Bollinguer | direcao : call
2021-03-11 14:55:00,811 INFO banda_bollinguer => A vela de banda é a 1253230
2021-03-11 14:55:00,812 INFO main => Modelo :Banda Bollinguer | direcao : call
2021-03-11 14:55:02,338 INFO banda_bollinguer => A vela de banda é a 1253230
2021-03-11 14:55:02,338 INFO main => Modelo :Banda Bollinguer | direcao : call
2021-03-11 14:55:03,852 INFO banda_bollinguer => A vela de banda é a 1253231
2021-03-11 14:55:03,852 INFO main => Modelo :Banda Bollinguer | direcao : call
2021-03-11 14:55:05,438 INFO banda_bollinguer => A vela de banda é a 1253231
2021-03-11 14:55:05,438 INFO main => Modelo :Banda Bollinguer | direcao : call
2021-03-11 14:55:06,954 INFO banda_bollinguer => A vela de banda é a 1253231
2021-03-11 14:55:06,954 INFO main => Modelo :Banda Bollinguer | direcao : call
2021-03-11 14:55:08,507 INFO banda_bollinguer => A vela de banda é a 1253231
2021-03-11 14:55:08,507 INFO main => Modelo :Banda Bollinguer | direcao : call
2021-03-11 14:55:10,035 INFO banda_bollinguer => A vela de banda é a 1253231
2021-03-11 14:55:10,035 INFO main => Modelo :Banda Bollinguer | direcao : call
2021-03-11 14:55:11,601 INFO banda_bollinguer => A vela de banda é a 1253231
2021-03-11 14:55:11,601 INFO main => Modelo :Banda Bollinguer | direcao : call
2021-03-11 14:55:13,106 INFO banda_bollinguer => A vela de banda é a 1253231
2021-03-11 14:55:13,106 INFO main => Modelo :Banda Bollinguer | direcao : call
2021-03-11 14:55:14,768 INFO banda_bollinguer => A vela de banda é a 1253231
2021-03-11 14:55:14,769 INFO main => Modelo :Banda Bollinguer | direcao : call
2021-03-11 14:55:16,409 INFO banda_bollinguer => A vela de banda é a 1253231
2021-03-11 14:55:16,410 INFO main => Modelo :Banda Bollinguer | direcao : call
2021-03-11 14:55:17,933 INFO banda_bollinguer => A vela de banda é a 1253231
2021-03-11 14:55:17,933 INFO main => Modelo :Banda Bollinguer | direcao : call
2021-03-11 14:55:19,509 INFO banda_bollinguer => A vela de banda é a 1253231
2021-03-11 14:55:19,509 INFO main => Modelo :Banda Bollinguer | direcao : call
2021-03-11 14:55:21,022 INFO banda_bollinguer => A vela de banda é a 1253231
2021-03-11 14:55:21,023 INFO main => Modelo :Banda Bollinguer | direcao : call
2021-03-11 14:55:22,586 INFO banda_bollinguer => A vela de banda é a 1253231
2021-03-11 14:55:22,587 INFO main => Modelo :Banda Bollinguer | direcao : call
2021-03-11 14:55:24,104 INFO banda_bollinguer => A vela de banda é a 1253231
2021-03-11 14:55:24,104 INFO main => Modelo :Banda Bollinguer | direcao : call
2021-03-11 14:55:25,831 INFO banda_bollinguer => A vela de banda é a 1253231
2021-03-11 14:55:25,832 INFO main => Modelo :Banda Bollinguer | direcao : call
2021-03-11 14:55:27,701 INFO banda_bollinguer => A vela de banda é a 1253231
2021-03-11 14:55:27,702 INFO main => Modelo :Banda Bollinguer | direcao : call
2021-03-11 14:55:29,227 INFO banda_bollinguer => A vela de banda é a 1253231
2021-03-11 14:55:29,227 INFO main => Modelo :Banda Bollinguer | direcao : call
2021-03-11 14:55:30,743 INFO banda_bollinguer => A vela de banda é a 1253231
2021-03-11 14:55:30,744 INFO main => Modelo :Banda Bollinguer | direcao : call
2021-03-11 14:55:32,250 INFO banda_bollinguer => A vela de banda é a 1253231
2021-03-11 14:55:32,251 INFO main => Modelo :Banda Bollinguer | direcao : call
2021-03-11 14:55:33,952 INFO banda_bollinguer => A vela de banda é a 1253231
2021-03-11 14:55:33,952 INFO main => Modelo :Banda Bollinguer | direcao : call
2021-03-11 14:55:35,594 INFO banda_bollinguer => A vela de banda é a 1253231
2021-03-11 14:55:35,594 INFO main => Modelo :Banda Bollinguer | direcao : call
2021-03-11 14:55:37,106 INFO banda_bollinguer => A vela de banda é a 1253231
2021-03-11 14:55:37,106 INFO main => Modelo :Banda Bollinguer | direcao : call
2021-03-11 14:55:38,618 INFO banda_bollinguer => A vela de banda é a 1253231
2021-03-11 14:55:38,618 INFO main => Modelo :Banda Bollinguer | direcao : call
2021-03-11 14:55:40,127 INFO banda_bollinguer => A vela de banda é a 1253231
2021-03-11 14:55:40,127 INFO main => Modelo :Banda Bollinguer | direcao : call
2021-03-11 14:55:41,671 INFO banda_bollinguer => A vela de banda é a 1253231
2021-03-11 14:55:41,671 INFO main => Modelo :Banda Bollinguer | direcao : call
2021-03-11 14:55:43,205 INFO banda_bollinguer => A vela de banda é a 1253231
2021-03-11 14:55:43,205 INFO main => Modelo :Banda Bollinguer | direcao : call
2021-03-11 14:55:44,820 INFO banda_bollinguer => A vela de banda é a 1253231
2021-03-11 14:55:44,820 INFO main => Modelo :Banda Bollinguer | direcao : call
2021-03-11 14:55:46,427 INFO banda_bollinguer => A vela de banda é a 1253231
2021-03-11 14:55:46,428 INFO main => Modelo :Banda Bollinguer | direcao : call
2021-03-11 14:55:47,948 INFO banda_bollinguer => A vela de banda é a 1253231
2021-03-11 14:55:47,948 INFO main => Modelo :Banda Bollinguer | direcao : call
2021-03-11 14:55:49,588 INFO banda_bollinguer => A vela de banda é a 1253231
2021-03-11 14:55:49,588 INFO main => Modelo :Banda Bollinguer | direcao : call
2021-03-11 14:55:51,119 INFO banda_bollinguer => A vela de banda é a 1253231
2021-03-11 14:55:51,120 INFO main => Modelo :Banda Bollinguer | direcao : call
2021-03-11 14:55:52,740 INFO banda_bollinguer => A vela de banda é a 1253231
2021-03-11 14:55:52,740 INFO main => Modelo :Banda Bollinguer | direcao : call
2021-03-11 14:55:54,278 INFO banda_bollinguer => A vela de banda é a 1253231
2021-03-11 14:55:54,278 INFO main => Modelo :Banda Bollinguer | direcao : call
2021-03-11 14:55:55,847 INFO banda_bollinguer => A vela de banda é a 1253231
2021-03-11 14:55:55,847 INFO main => Modelo :Banda Bollinguer | direcao : call
2021-03-11 14:55:57,379 INFO banda_bollinguer => A vela de banda é a 1253231
2021-03-11 14:55:57,380 INFO main => Modelo :Banda Bollinguer | direcao : call
2021-03-11 14:55:58,899 INFO banda_bollinguer => A vela de banda é a 1253231
2021-03-11 14:55:58,899 INFO main => Modelo :Banda Bollinguer | direcao : call
2021-03-11 14:56:00,575 INFO banda_bollinguer => A vela de banda é a 1253231
2021-03-11 14:56:00,576 INFO main => Modelo :Banda Bollinguer | direcao : call
2021-03-11 14:56:02,090 INFO banda_bollinguer => A vela de banda é a 1253231
2021-03-11 14:56:02,091 INFO main => Modelo :Banda Bollinguer | direcao : call
2021-03-11 14:56:03,667 INFO fractal => A vela de fractal :1253233.0
2021-03-11 14:56:03,667 INFO main => Modelo :Fractal | direcao : call
2021-03-11 14:56:03,667 INFO main => valor porcentual de entrada para call é : 60%
2021-03-11 14:56:03,668 INFO comven => Direção : call
2021-03-11 14:57:02,959 INFO comven => Valor : WIN /,19.66
2021-03-11 15:03:02,570 INFO banda_bollinguer => A vela de banda é a 1253239
2021-03-11 15:03:02,570 INFO main => Modelo :Banda Bollinguer | direcao : Put
2021-03-11 15:03:04,093 INFO banda_bollinguer => A vela de banda é a 1253239
2021-03-11 15:03:04,093 INFO main => Modelo :Banda Bollinguer | direcao : Put
2021-03-11 15:03:07,060 INFO banda_bollinguer => A vela de banda é a 1253239
2021-03-11 15:03:07,062 INFO main => Modelo :Banda Bollinguer | direcao : Put
2021-03-11 15:03:08,677 INFO banda_bollinguer => A vela de banda é a 1253239
2021-03-11 15:03:08,678 INFO main => Modelo :Banda Bollinguer | direcao : Put
2021-03-11 15:03:10,277 INFO banda_bollinguer => A vela de banda é a 1253239
2021-03-11 15:03:10,277 INFO main => Modelo :Banda Bollinguer | direcao : Put
2021-03-11 15:03:11,822 INFO banda_bollinguer => A vela de banda é a 1253239
2021-03-11 15:03:11,822 INFO main => Modelo :Banda Bollinguer | direcao : Put
2021-03-11 15:03:13,338 INFO banda_bollinguer => A vela de banda é a 1253239
2021-03-11 15:03:13,339 INFO main => Modelo :Banda Bollinguer | direcao : Put
2021-03-11 15:03:14,849 INFO banda_bollinguer => A vela de banda é a 1253239
2021-03-11 15:03:14,849 INFO main => Modelo :Banda Bollinguer | direcao : Put
2021-03-11 15:03:16,405 INFO banda_bollinguer => A vela de banda é a 1253239
2021-03-11 15:03:16,405 INFO main => Modelo :Banda Bollinguer | direcao : Put
2021-03-11 15:03:17,920 INFO banda_bollinguer => A vela de banda é a 1253239
2021-03-11 15:03:17,921 INFO main => Modelo :Banda Bollinguer | direcao : Put
2021-03-11 15:03:19,490 INFO banda_bollinguer => A vela de banda é a 1253239
2021-03-11 15:03:19,490 INFO main => Modelo :Banda Bollinguer | direcao : Put
2021-03-11 15:03:21,019 INFO banda_bollinguer => A vela de banda é a 1253239
2021-03-11 15:03:21,019 INFO main => Modelo :Banda Bollinguer | direcao : Put
2021-03-11 15:03:22,857 INFO banda_bollinguer => A vela de banda é a 1253239
2021-03-11 15:03:22,858 INFO main => Modelo :Banda Bollinguer | direcao : Put
2021-03-11 15:03:24,384 INFO banda_bollinguer => A vela de banda é a 1253239
2021-03-11 15:03:24,385 INFO main => Modelo :Banda Bollinguer | direcao : Put
2021-03-11 15:03:25,954 INFO banda_bollinguer => A vela de banda é a 1253239
2021-03-11 15:03:25,954 INFO main => Modelo :Banda Bollinguer | direcao : Put
2021-03-11 15:03:27,497 INFO banda_bollinguer => A vela de banda é a 1253239
2021-03-11 15:03:27,498 INFO main => Modelo :Banda Bollinguer | direcao : Put
2021-03-11 15:03:29,016 INFO banda_bollinguer => A vela de banda é a 1253239
2021-03-11 15:03:29,017 INFO main => Modelo :Banda Bollinguer | direcao : Put
2021-03-11 15:03:30,765 INFO banda_bollinguer => A vela de banda é a 1253239
2021-03-11 15:03:30,765 INFO main => Modelo :Banda Bollinguer | direcao : Put
2021-03-11 15:03:32,364 INFO banda_bollinguer => A vela de banda é a 1253239
2021-03-11 15:03:32,364 INFO main => Modelo :Banda Bollinguer | direcao : Put
2021-03-11 15:03:33,881 INFO banda_bollinguer => A vela de banda é a 1253239
2021-03-11 15:03:33,881 INFO main => Modelo :Banda Bollinguer | direcao : Put
2021-03-11 15:03:35,562 INFO banda_bollinguer => A vela de banda é a 1253239
2021-03-11 15:03:35,562 INFO main => Modelo :Banda Bollinguer | direcao : Put
2021-03-11 15:03:37,157 INFO banda_bollinguer => A vela de banda é a 1253239
2021-03-11 15:03:37,157 INFO main => Modelo :Banda Bollinguer | direcao : Put
2021-03-11 15:03:38,737 INFO banda_bollinguer => A vela de banda é a 1253239
2021-03-11 15:03:38,738 INFO main => Modelo :Banda Bollinguer | direcao : Put
2021-03-11 15:03:40,263 INFO banda_bollinguer => A vela de banda é a 1253239
2021-03-11 15:03:40,263 INFO main => Modelo :Banda Bollinguer | direcao : Put
2021-03-11 15:03:41,888 INFO banda_bollinguer => A vela de banda é a 1253239
2021-03-11 15:03:41,888 INFO main => Modelo :Banda Bollinguer | direcao : Put
2021-03-11 15:03:43,462 INFO banda_bollinguer => A vela de banda é a 1253239
2021-03-11 15:03:43,463 INFO main => Modelo :Banda Bollinguer | direcao : Put
2021-03-11 15:03:45,319 INFO banda_bollinguer => A vela de banda é a 1253239
2021-03-11 15:03:45,320 INFO main => Modelo :Banda Bollinguer | direcao : Put
2021-03-11 15:03:46,850 INFO banda_bollinguer => A vela de banda é a 1253239
2021-03-11 15:03:46,851 INFO main => Modelo :Banda Bollinguer | direcao : Put
2021-03-11 15:03:48,969 INFO banda_bollinguer => A vela de banda é a 1253239
2021-03-11 15:03:48,969 INFO main => Modelo :Banda Bollinguer | direcao : Put
2021-03-11 15:03:50,519 INFO banda_bollinguer => A vela de banda é a 1253239
2021-03-11 15:03:50,520 INFO main => Modelo :Banda Bollinguer | direcao : Put
2021-03-11 15:03:52,056 INFO banda_bollinguer => A vela de banda é a 1253239
2021-03-11 15:03:52,057 INFO main => Modelo :Banda Bollinguer | direcao : Put
2021-03-11 15:03:53,668 INFO banda_bollinguer => A vela de banda é a 1253239
2021-03-11 15:03:53,668 INFO main => Modelo :Banda Bollinguer | direcao : Put
2021-03-11 15:03:55,204 INFO banda_bollinguer => A vela de banda é a 1253239
2021-03-11 15:03:55,205 INFO main => Modelo :Banda Bollinguer | direcao : Put
2021-03-11 15:03:56,753 INFO banda_bollinguer => A vela de banda é a 1253239
2021-03-11 15:03:56,754 INFO main => Modelo :Banda Bollinguer | direcao : Put
2021-03-11 15:03:58,452 INFO banda_bollinguer => A vela de banda é a 1253239
2021-03-11 15:03:58,452 INFO main => Modelo :Banda Bollinguer | direcao : Put
2021-03-11 15:03:59,972 INFO banda_bollinguer => A vela de banda é a 1253239
2021-03-11 15:03:59,972 INFO main => Modelo :Banda Bollinguer | direcao : Put
2021-03-11 15:04:01,665 INFO banda_bollinguer => A vela de banda é a 1253239
2021-03-11 15:04:01,665 INFO main => Modelo :Banda Bollinguer | direcao : Put
2021-03-11 15:04:03,174 INFO banda_bollinguer => A vela de banda é a 1253240
2021-03-11 15:04:03,174 INFO main => Modelo :Banda Bollinguer | direcao : Put
2021-03-11 15:04:06,853 INFO banda_bollinguer => A vela de banda é a 1253240
2021-03-11 15:04:06,854 INFO main => Modelo :Banda Bollinguer | direcao : Put
2021-03-11 15:04:08,425 INFO banda_bollinguer => A vela de banda é a 1253240
2021-03-11 15:04:08,425 INFO main => Modelo :Banda Bollinguer | direcao : Put
2021-03-11 15:04:09,944 INFO banda_bollinguer => A vela de banda é a 1253240
2021-03-11 15:04:09,944 INFO main => Modelo :Banda Bollinguer | direcao : Put
2021-03-11 15:04:11,506 INFO banda_bollinguer => A vela de banda é a 1253240
2021-03-11 15:04:11,506 INFO main => Modelo :Banda Bollinguer | direcao : Put
2021-03-11 15:04:13,034 INFO banda_bollinguer => A vela de banda é a 1253240
2021-03-11 15:04:13,035 INFO main => Modelo :Banda Bollinguer | direcao : Put
2021-03-11 15:04:14,559 INFO banda_bollinguer => A vela de banda é a 1253240
2021-03-11 15:04:14,560 INFO main => Modelo :Banda Bollinguer | direcao : Put
2021-03-11 15:04:16,126 INFO banda_bollinguer => A vela de banda é a 1253240
2021-03-11 15:04:16,126 INFO main => Modelo :Banda Bollinguer | direcao : Put
2021-03-11 15:04:17,692 INFO banda_bollinguer => A vela de banda é a 1253240
2021-03-11 15:04:17,692 INFO main => Modelo :Banda Bollinguer | direcao : Put
2021-03-11 15:04:19,217 INFO banda_bollinguer => A vela de banda é a 1253240
2021-03-11 15:04:19,218 INFO main => Modelo :Banda Bollinguer | direcao : Put
2021-03-11 15:04:20,887 INFO banda_bollinguer => A vela de banda é a 1253240
2021-03-11 15:04:20,887 INFO main => Modelo :Banda Bollinguer | direcao : Put
2021-03-11 15:04:22,434 INFO banda_bollinguer => A vela de banda é a 1253240
2021-03-11 15:04:22,434 INFO main => Modelo :Banda Bollinguer | direcao : Put
2021-03-11 15:04:23,962 INFO banda_bollinguer => A vela de banda é a 1253240
2021-03-11 15:04:23,962 INFO main => Modelo :Banda Bollinguer | direcao : Put
2021-03-11 15:04:25,483 INFO banda_bollinguer => A vela de banda é a 1253240
2021-03-11 15:04:25,483 INFO main => Modelo :Banda Bollinguer | direcao : Put
2021-03-11 15:04:26,997 INFO banda_bollinguer => A vela de banda é a 1253240
2021-03-11 15:04:26,997 INFO main => Modelo :Banda Bollinguer | direcao : Put
2021-03-11 15:04:28,584 INFO banda_bollinguer => A vela de banda é a 1253240
2021-03-11 15:04:28,584 INFO main => Modelo :Banda Bollinguer | direcao : Put
2021-03-11 15:04:30,110 INFO banda_bollinguer => A vela de banda é a 1253240
2021-03-11 15:04:30,111 INFO main => Modelo :Banda Bollinguer | direcao : Put
2021-03-11 15:04:31,955 INFO banda_bollinguer => A vela de banda é a 1253240
2021-03-11 15:04:31,955 INFO main => Modelo :Banda Bollinguer | direcao : Put
2021-03-11 15:04:33,760 INFO banda_bollinguer => A vela de banda é a 1253240
2021-03-11 15:04:33,761 INFO main => Modelo :Banda Bollinguer | direcao : Put
2021-03-11 15:04:35,755 INFO banda_bollinguer => A vela de banda é a 1253240
2021-03-11 15:04:35,755 INFO main => Modelo :Banda Bollinguer | direcao : Put
2021-03-11 15:04:37,614 INFO banda_bollinguer => A vela de banda é a 1253240
2021-03-11 15:04:37,614 INFO main => Modelo :Banda Bollinguer | direcao : Put
2021-03-11 15:04:39,133 INFO banda_bollinguer => A vela de banda é a 1253240
2021-03-11 15:04:39,133 INFO main => Modelo :Banda Bollinguer | direcao : Put
2021-03-11 15:04:40,655 INFO banda_bollinguer => A vela de banda é a 1253240
2021-03-11 15:04:40,656 INFO main => Modelo :Banda Bollinguer | direcao : Put
2021-03-11 15:04:42,176 INFO banda_bollinguer => A vela de banda é a 1253240
2021-03-11 15:04:42,176 INFO main => Modelo :Banda Bollinguer | direcao : Put
2021-03-11 15:04:43,832 INFO banda_bollinguer => A vela de banda é a 1253240
2021-03-11 15:04:43,833 INFO main => Modelo :Banda Bollinguer | direcao : Put
2021-03-11 15:04:45,448 INFO banda_bollinguer => A vela de banda é a 1253240
2021-03-11 15:04:45,449 INFO main => Modelo :Banda Bollinguer | direcao : Put
2021-03-11 15:04:46,961 INFO banda_bollinguer => A vela de banda é a 1253240
2021-03-11 15:04:46,962 INFO main => Modelo :Banda Bollinguer | direcao : Put
2021-03-11 15:04:48,491 INFO banda_bollinguer => A vela de banda é a 1253240
2021-03-11 15:04:48,492 INFO main => Modelo :Banda Bollinguer | direcao : Put
2021-03-11 15:04:50,013 INFO banda_bollinguer => A vela de banda é a 1253240
2021-03-11 15:04:50,013 INFO main => Modelo :Banda Bollinguer | direcao : Put
2021-03-11 15:04:51,678 INFO banda_bollinguer => A vela de banda é a 1253240
2021-03-11 15:04:51,678 INFO main => Modelo :Banda Bollinguer | direcao : Put
2021-03-11 15:04:53,343 INFO banda_bollinguer => A vela de banda é a 1253240
2021-03-11 15:04:53,343 INFO main => Modelo :Banda Bollinguer | direcao : Put
2021-03-11 15:04:54,892 INFO banda_bollinguer => A vela de banda é a 1253240
2021-03-11 15:04:54,893 INFO main => Modelo :Banda Bollinguer | direcao : Put
2021-03-11 15:04:56,552 INFO banda_bollinguer => A vela de banda é a 1253240
2021-03-11 15:04:56,553 INFO main => Modelo :Banda Bollinguer | direcao : Put
2021-03-11 15:04:58,080 INFO banda_bollinguer => A vela de banda é a 1253240
2021-03-11 15:04:58,080 INFO main => Modelo :Banda Bollinguer | direcao : Put
2021-03-11 15:04:59,665 INFO banda_bollinguer => A vela de banda é a 1253240
2021-03-11 15:04:59,666 INFO main => Modelo :Banda Bollinguer | direcao : Put
2021-03-11 15:05:01,210 INFO banda_bollinguer => A vela de banda é a 1253240
2021-03-11 15:05:01,210 INFO main => Modelo :Banda Bollinguer | direcao : Put
2021-03-11 15:05:02,733 INFO banda_bollinguer => A vela de banda é a 1253241
2021-03-11 15:05:02,733 INFO main => Modelo :Banda Bollinguer | direcao : Put
2021-03-11 15:05:04,266 INFO banda_bollinguer => A vela de banda é a 1253241
2021-03-11 15:05:04,266 INFO fractal => A vela de fractal :1253242.0
2021-03-11 15:05:04,267 INFO main => Modelo :Banda Bollinguer | direcao : Put
2021-03-11 15:05:04,267 INFO main => Modelo :Fractal | direcao : Put
2021-03-11 15:05:04,267 INFO main => valor porcentual de entrada para Put é : 70%
2021-03-11 15:05:04,267 INFO comven => Direção : put
2021-03-11 15:06:03,136 INFO comven => Valor : WIN /,19.66
