2021-02-15 07:24:03,148 INFO <module> => Iniciando EXE
2021-02-15 07:57:34,266 INFO <module> => Ordem de analis é 2-3-0-1
2021-02-15 07:57:34,267 INFO <module> => Valores de vetores:1.21327,1.21329,1.2133099999999999
2021-02-15 07:57:34,267 INFO <module> => Valores de decisão :1.2133099999999999 e 1.21329
2021-02-15 07:57:34,267 INFO compra => Direção : put
2021-02-15 07:59:02,835 INFO compra => Valor : WIN /
2021-02-15 08:28:14,991 INFO <module> => Ordem de analis  0-1-2-3
2021-02-15 08:28:14,992 INFO <module> => Valores de vetores:1.213705,1.213715,1.213755
2021-02-15 08:28:14,992 INFO <module> => Valores de decisão :1.213755 e 1.213715
2021-02-15 08:28:14,992 INFO compra => Direção : put
2021-02-15 08:29:02,881 INFO compra => Valor : LOSS /
2021-02-15 08:57:24,671 INFO <module> => Ordem de analis é 1-2-3-0 
2021-02-15 08:57:24,672 INFO <module> => Valores de vetores:1.2132450000000001,1.213265,1.21327
2021-02-15 08:57:24,672 INFO <module> => Valores de decisão :1.21327 e 1.213265
2021-02-15 08:57:24,672 INFO compra => Direção : put
2021-02-15 08:58:02,738 INFO compra => Valor : LOSS /
2021-02-15 09:04:03,825 INFO <module> => Ordem de analis  0-1-2-3
2021-02-15 09:04:03,825 INFO <module> => Valores de media :1.21314,1.21309,1.21307
2021-02-15 09:04:03,825 INFO <module> => Valores de decisão :1.21307 e 1.21309
2021-02-15 09:04:03,826 INFO compra => Direção : call
2021-02-15 09:05:05,843 INFO compra => Valor : LOSS /
2021-02-15 09:17:15,330 INFO <module> => Ordem de analis é 1-2-3-0 
2021-02-15 09:17:15,330 INFO <module> => Valores de vetores:1.212575,1.212485,1.21247
2021-02-15 09:17:15,331 INFO <module> => Valores de decisão :1.21247 e 1.212485
2021-02-15 09:17:15,331 INFO compra => Direção : call
2021-02-15 09:18:02,834 INFO compra => Valor : LOSS /
2021-02-15 09:43:49,206 INFO <module> => Ordem de analis é 3-0-1-2
2021-02-15 09:43:49,206 INFO <module> => Valores de vetores:1.2131150000000002,1.213145,1.21315
2021-02-15 09:43:49,207 INFO <module> => Valores de decisão :1.21315 e 1.213145
2021-02-15 09:43:49,207 INFO compra => Direção : put
2021-02-15 09:45:05,385 INFO compra => Valor : WIN /
2021-02-15 09:46:04,084 INFO <module> => Ordem de analis é 1-2-3-0 
2021-02-15 09:46:04,085 INFO <module> => Valores de vetores:1.21315,1.213145,1.21313
2021-02-15 09:46:04,085 INFO <module> => Valores de decisão :1.21313 e 1.213145
2021-02-15 09:46:04,085 INFO compra => Direção : call
2021-02-15 09:47:03,308 INFO compra => Valor : WIN /
2021-02-15 09:50:03,816 INFO <module> => Ordem de analis é 1-2-3-0 
2021-02-15 09:50:03,816 INFO <module> => Valores de vetores:1.21326,1.21333,1.21334
2021-02-15 09:50:03,816 INFO <module> => Valores de decisão :1.21334 e 1.21333
2021-02-15 09:50:03,816 INFO compra => Direção : put
2021-02-15 09:51:03,004 INFO compra => Valor : WIN /
2021-02-15 10:07:33,016 INFO <module> => Ordem de analis é 2-3-0-1
2021-02-15 10:07:33,016 INFO <module> => Valores de vetores:1.21277,1.212805,1.21283
2021-02-15 10:07:33,016 INFO <module> => Valores de decisão :1.21283 e 1.212805
2021-02-15 10:07:33,016 INFO compra => Direção : put
2021-02-15 10:09:02,743 INFO compra => Valor : LOSS /
2021-02-15 10:25:26,774 INFO <module> => Ordem de analis é 3-0-1-2
2021-02-15 10:25:26,774 INFO <module> => Valores de vetores:1.21316,1.21325,1.213255
2021-02-15 10:25:26,774 INFO <module> => Valores de decisão :1.213255 e 1.21325
2021-02-15 10:25:26,774 INFO compra => Direção : put
2021-02-15 10:26:02,795 INFO compra => Valor : WIN /
2021-02-15 10:28:15,350 INFO <module> => Ordem de analis é 2-3-0-1
2021-02-15 10:28:15,350 INFO <module> => Valores de vetores:1.21325,1.21314,1.21311
2021-02-15 10:28:15,350 INFO <module> => Valores de decisão :1.21311 e 1.21314
2021-02-15 10:28:15,350 INFO compra => Direção : call
2021-02-15 10:29:02,974 INFO compra => Valor : WIN /
2021-02-15 10:35:49,725 INFO <module> => Ordem de analis é 1-2-3-0 
2021-02-15 10:35:49,726 INFO <module> => Valores de vetores:1.21316,1.213095,1.213085
2021-02-15 10:35:49,726 INFO <module> => Valores de decisão :1.213085 e 1.213095
2021-02-15 10:35:49,726 INFO compra => Direção : call
2021-02-15 10:37:03,281 INFO compra => Valor : WIN /
2021-02-15 10:53:23,620 INFO <module> => Ordem de analis é 2-3-0-1
2021-02-15 10:53:23,620 INFO <module> => Valores de vetores:1.21271,1.212745,1.21278
2021-02-15 10:53:23,621 INFO <module> => Valores de decisão :1.21278 e 1.212745
2021-02-15 10:53:23,621 INFO compra => Direção : put
2021-02-15 10:54:03,123 INFO compra => Valor : LOSS /
2021-02-15 11:32:40,974 INFO <module> => Ordem de analis é 1-2-3-0 
2021-02-15 11:32:40,975 INFO <module> => Valores de vetores:1.2125249999999999,1.21255,1.2126450000000002
2021-02-15 11:32:40,975 INFO <module> => Valores de decisão :1.2126450000000002 e 1.21255
2021-02-15 11:32:40,975 INFO compra => Direção : put
2021-02-15 11:34:03,848 INFO compra => Valor : WIN /
2021-02-15 11:37:03,878 INFO <module> => Ordem de analis é 1-2-3-0 
2021-02-15 11:37:03,878 INFO <module> => Valores de vetores:1.2123750000000002,1.21242,1.212445
2021-02-15 11:37:03,878 INFO <module> => Valores de decisão :1.212445 e 1.21242
2021-02-15 11:37:03,878 INFO compra => Direção : put
2021-02-15 11:38:03,321 INFO compra => Valor : WIN /
2021-02-15 11:55:03,368 INFO <module> => Ordem de analis é 3-0-1-2
2021-02-15 11:55:03,368 INFO <module> => Valores de vetores:1.21241,1.21237,1.2123599999999999
2021-02-15 11:55:03,368 INFO <module> => Valores de decisão :1.2123599999999999 e 1.21237
2021-02-15 11:55:03,368 INFO compra => Direção : call
2021-02-15 11:56:02,958 INFO compra => Valor : LOSS /
2021-02-15 11:59:12,994 INFO <module> => Ordem de analis é 3-0-1-2
2021-02-15 11:59:12,994 INFO <module> => Valores de vetores:1.2123650000000001,1.212415,1.2124199999999998
2021-02-15 11:59:12,994 INFO <module> => Valores de decisão :1.2124199999999998 e 1.212415
2021-02-15 11:59:12,995 INFO compra => Direção : put
2021-02-15 12:00:11,396 INFO compra => Valor : WIN /
2021-02-15 12:07:56,547 INFO <module> => Ordem de analis é 3-0-1-2
2021-02-15 12:07:56,547 INFO <module> => Valores de vetores:1.212625,1.21254,1.2124899999999998
2021-02-15 12:07:56,547 INFO <module> => Valores de decisão :1.2124899999999998 e 1.21254
2021-02-15 12:07:56,547 INFO compra => Direção : call
2021-02-15 12:09:03,078 INFO compra => Valor : LOSS /
2021-02-15 12:14:03,308 INFO <module> => Ordem de analis é 1-2-3-0 
2021-02-15 12:14:03,309 INFO <module> => Valores de vetores:1.2125400000000002,1.21243,1.21239
2021-02-15 12:14:03,309 INFO <module> => Valores de decisão :1.21239 e 1.21243
2021-02-15 12:14:03,309 INFO compra => Direção : call
2021-02-15 12:15:04,492 INFO compra => Valor : WIN /
2021-02-15 12:55:40,447 INFO <module> => Iniciando EXE
2021-02-15 13:00:48,601 INFO <module> => Ordem de analis é 2-3-0-1
2021-02-15 13:00:48,601 INFO <module> => Valores de vetores:1.21307,1.21314,1.213155
2021-02-15 13:00:48,602 INFO <module> => Valores de decisão :1.213155 e 1.21314
2021-02-15 13:00:48,602 INFO compra => Direção : put
2021-02-15 13:02:02,911 INFO compra => Valor : LOSS /
2021-02-15 13:14:21,347 INFO <module> => Ordem de analis é 3-0-1-2
2021-02-15 13:14:21,348 INFO <module> => Valores de vetores:1.213055,1.21312,1.2131699999999999
2021-02-15 13:14:21,348 INFO <module> => Valores de decisão :1.2131699999999999 e 1.21312
2021-02-15 13:14:21,348 INFO compra => Direção : put
2021-02-15 13:15:05,136 INFO compra => Valor : WIN /
2021-02-15 13:38:11,570 INFO <module> => Iniciando EXE
2021-02-15 13:48:03,840 INFO <module> => Ordem de analis é 3-0-1-2
2021-02-15 13:48:03,889 INFO <module> => Valores de vetores:1.21315,1.21314,1.213135
2021-02-15 13:48:03,889 INFO <module> => Valores de decisão :1.213135 e 1.21314
2021-02-15 13:48:03,889 INFO compra => Direção : call
2021-02-15 13:49:03,444 INFO compra => Valor : WIN /
2021-02-15 13:57:32,634 INFO <module> => Ordem de analis  0-1-2-3
2021-02-15 13:57:32,634 INFO <module> => Valores de vetores:1.2136550000000002,1.2137,1.21372
2021-02-15 13:57:32,634 INFO <module> => Valores de decisão :1.21372 e 1.2137
2021-02-15 13:57:32,634 INFO compra => Direção : put
2021-02-15 13:59:03,361 INFO compra => Valor : WIN /
2021-02-15 14:05:45,994 INFO <module> => Ordem de analis é 3-0-1-2
2021-02-15 14:05:45,995 INFO <module> => Valores de vetores:1.213725,1.213635,1.213625
2021-02-15 14:05:45,995 INFO <module> => Valores de decisão :1.213625 e 1.213635
2021-02-15 14:05:45,995 INFO compra => Direção : call
2021-02-15 14:07:02,552 INFO compra => Valor : LOSS /
2021-02-15 14:19:50,834 INFO <module> => Ordem de analis  0-1-2-3
2021-02-15 14:19:50,883 INFO <module> => Valores de vetores:1.213595,1.2136,1.213605
2021-02-15 14:19:50,883 INFO <module> => Valores de decisão :1.213605 e 1.2136
2021-02-15 14:19:50,884 INFO compra => Direção : put
2021-02-15 14:21:02,743 INFO compra => Valor : WIN /
2021-02-15 14:23:04,254 INFO <module> => Ordem de analis é 3-0-1-2
2021-02-15 14:23:04,254 INFO <module> => Valores de vetores:1.2136,1.21345,1.21342
2021-02-15 14:23:04,254 INFO <module> => Valores de decisão :1.21342 e 1.21345
2021-02-15 14:23:04,254 INFO compra => Direção : call
2021-02-15 14:24:03,085 INFO compra => Valor : LOSS /
2021-02-15 14:26:26,798 INFO <module> => Ordem de analis é 2-3-0-1
2021-02-15 14:26:26,798 INFO <module> => Valores de vetores:1.21345,1.21341,1.21339
2021-02-15 14:26:26,798 INFO <module> => Valores de decisão :1.21339 e 1.21341
2021-02-15 14:26:26,798 INFO compra => Direção : call
2021-02-15 14:27:03,274 INFO compra => Valor : WIN /
2021-02-15 14:31:36,634 INFO <module> => Iniciando EXE
2021-02-15 14:42:24,235 INFO <module> => Ordem de analis  0-1-2-3
2021-02-15 14:42:24,236 INFO <module> => Valores de media :1.2134,1.21333,1.213325
2021-02-15 14:42:24,236 INFO <module> => Valores de decisão :1.213325 e 1.21333
2021-02-15 14:42:24,236 INFO compra => Direção : call
2021-02-15 14:43:03,355 INFO compra => Valor : LOSS /
2021-02-15 14:44:41,778 INFO <module> => Ordem de analis é 2-3-0-1
2021-02-15 14:44:41,779 INFO <module> => Valores de vetores:1.213325,1.21333,1.21334
2021-02-15 14:44:41,779 INFO <module> => Valores de decisão :1.21334 e 1.21333
2021-02-15 14:44:41,779 INFO compra => Direção : put
2021-02-15 14:46:03,212 INFO compra => Valor : WIN /
2021-02-15 15:25:48,087 INFO <module> => Ordem de analis é 2-3-0-1
2021-02-15 15:25:48,088 INFO <module> => Valores de vetores:1.21343,1.21343,1.2134399999999999
2021-02-15 15:25:48,088 INFO <module> => Valores de decisão :1.2134399999999999 e 1.21343
2021-02-15 15:25:48,088 INFO compra => Direção : put
2021-02-15 15:25:52,715 INFO <module> => Ordem de analis é 2-3-0-1
2021-02-15 15:25:52,715 INFO <module> => Valores de vetores:1.21343,1.21343,1.2134399999999999
2021-02-15 15:25:52,715 INFO <module> => Valores de decisão :1.2134399999999999 e 1.21343
2021-02-15 15:25:52,715 INFO compra => Direção : put
2021-02-15 15:32:02,153 INFO <module> => Ordem de analis  0-1-2-3
2021-02-15 15:32:02,154 INFO <module> => Valores de media :1.213445,1.213375,1.21336
2021-02-15 15:32:02,154 INFO <module> => Valores de decisão :1.21336 e 1.213375
2021-02-15 15:32:02,154 INFO compra => Direção : call
2021-02-15 15:33:35,727 INFO <module> => Ordem de analis é 2-3-0-1
2021-02-15 15:33:35,728 INFO <module> => Valores de vetores:1.21336,1.213375,1.21338
2021-02-15 15:33:35,728 INFO <module> => Valores de decisão :1.21338 e 1.213375
2021-02-15 15:33:35,728 INFO compra => Direção : put
2021-02-15 15:33:38,714 INFO <module> => Ordem de analis é 2-3-0-1
2021-02-15 15:33:38,715 INFO <module> => Valores de vetores:1.21336,1.213375,1.21338
2021-02-15 15:33:38,715 INFO <module> => Valores de decisão :1.21338 e 1.213375
2021-02-15 15:33:38,715 INFO compra => Direção : put
2021-02-15 15:37:12,572 INFO <module> => Ordem de analis é 2-3-0-1
2021-02-15 15:37:12,572 INFO <module> => Valores de vetores:1.21343,1.213425,1.21343
2021-02-15 15:37:12,572 INFO <module> => Valores de decisão :1.21343 e 1.213425
2021-02-15 15:37:12,572 INFO compra => Direção : put
2021-02-15 15:39:03,725 INFO <module> => Ordem de analis  0-1-2-3
2021-02-15 15:39:03,726 INFO <module> => Valores de media :1.21343,1.21341,1.2134
2021-02-15 15:39:03,726 INFO <module> => Valores de decisão :1.2134 e 1.21341
2021-02-15 15:39:03,726 INFO compra => Direção : call
2021-02-15 15:39:06,597 INFO <module> => Ordem de analis  0-1-2-3
2021-02-15 15:39:06,598 INFO <module> => Valores de media :1.21343,1.21341,1.2134
2021-02-15 15:39:06,598 INFO <module> => Valores de decisão :1.2134 e 1.21341
2021-02-15 15:39:06,598 INFO compra => Direção : call
2021-02-15 15:39:09,710 INFO <module> => Ordem de analis  0-1-2-3
2021-02-15 15:39:09,710 INFO <module> => Valores de media :1.21343,1.21341,1.2134
2021-02-15 15:39:09,711 INFO <module> => Valores de decisão :1.2134 e 1.21341
2021-02-15 15:39:09,711 INFO compra => Direção : call
2021-02-15 15:39:12,619 INFO <module> => Ordem de analis  0-1-2-3
2021-02-15 15:39:12,619 INFO <module> => Valores de media :1.21343,1.21341,1.2134
2021-02-15 15:39:12,619 INFO <module> => Valores de decisão :1.2134 e 1.21341
2021-02-15 15:39:12,619 INFO compra => Direção : call
2021-02-15 15:39:16,348 INFO <module> => Ordem de analis  0-1-2-3
2021-02-15 15:39:16,348 INFO <module> => Valores de media :1.21343,1.21341,1.2134
2021-02-15 15:39:16,348 INFO <module> => Valores de decisão :1.2134 e 1.21341
2021-02-15 15:39:16,348 INFO compra => Direção : call
2021-02-15 15:39:19,567 INFO <module> => Ordem de analis  0-1-2-3
2021-02-15 15:39:19,568 INFO <module> => Valores de media :1.21343,1.21341,1.2134
2021-02-15 15:39:19,568 INFO <module> => Valores de decisão :1.2134 e 1.21341
2021-02-15 15:39:19,568 INFO compra => Direção : call
2021-02-15 15:39:22,732 INFO <module> => Ordem de analis  0-1-2-3
2021-02-15 15:39:22,732 INFO <module> => Valores de media :1.21343,1.21341,1.2134
2021-02-15 15:39:22,732 INFO <module> => Valores de decisão :1.2134 e 1.21341
2021-02-15 15:39:22,732 INFO compra => Direção : call
2021-02-15 15:39:25,710 INFO <module> => Ordem de analis  0-1-2-3
2021-02-15 15:39:25,710 INFO <module> => Valores de media :1.21343,1.21341,1.2134
2021-02-15 15:39:25,710 INFO <module> => Valores de decisão :1.2134 e 1.21341
2021-02-15 15:39:25,710 INFO compra => Direção : call
2021-02-15 15:55:03,264 INFO <module> => Ordem de analis  0-1-2-3
2021-02-15 15:55:03,264 INFO <module> => Valores de vetores:1.21331,1.21332,1.213325
2021-02-15 15:55:03,264 INFO <module> => Valores de decisão :1.213325 e 1.21332
2021-02-15 15:55:03,264 INFO compra => Direção : put
2021-02-15 15:55:05,857 INFO <module> => Ordem de analis  0-1-2-3
2021-02-15 15:55:05,857 INFO <module> => Valores de vetores:1.21331,1.21332,1.213325
2021-02-15 15:55:05,857 INFO <module> => Valores de decisão :1.213325 e 1.21332
2021-02-15 15:55:05,857 INFO compra => Direção : put
2021-02-15 15:55:09,586 INFO <module> => Ordem de analis  0-1-2-3
2021-02-15 15:55:09,586 INFO <module> => Valores de vetores:1.21331,1.21332,1.213325
2021-02-15 15:55:09,587 INFO <module> => Valores de decisão :1.213325 e 1.21332
2021-02-15 15:55:09,587 INFO compra => Direção : put
2021-02-15 15:55:12,630 INFO <module> => Ordem de analis  0-1-2-3
2021-02-15 15:55:12,630 INFO <module> => Valores de vetores:1.21331,1.21332,1.213325
2021-02-15 15:55:12,630 INFO <module> => Valores de decisão :1.213325 e 1.21332
2021-02-15 15:55:12,631 INFO compra => Direção : put
2021-02-15 15:55:15,609 INFO <module> => Ordem de analis  0-1-2-3
2021-02-15 15:55:15,610 INFO <module> => Valores de vetores:1.21331,1.21332,1.213325
2021-02-15 15:55:15,610 INFO <module> => Valores de decisão :1.213325 e 1.21332
2021-02-15 15:55:15,610 INFO compra => Direção : put
2021-02-15 15:55:18,612 INFO <module> => Ordem de analis  0-1-2-3
2021-02-15 15:55:18,612 INFO <module> => Valores de vetores:1.21331,1.21332,1.213325
2021-02-15 15:55:18,612 INFO <module> => Valores de decisão :1.213325 e 1.21332
2021-02-15 15:55:18,612 INFO compra => Direção : put
2021-02-15 15:55:23,320 INFO <module> => Ordem de analis  0-1-2-3
2021-02-15 15:55:23,320 INFO <module> => Valores de vetores:1.21331,1.21332,1.213325
2021-02-15 15:55:23,320 INFO <module> => Valores de decisão :1.213325 e 1.21332
2021-02-15 15:55:23,320 INFO compra => Direção : put
2021-02-15 15:55:25,727 INFO <module> => Ordem de analis  0-1-2-3
2021-02-15 15:55:25,727 INFO <module> => Valores de vetores:1.21331,1.21332,1.213325
2021-02-15 15:55:25,728 INFO <module> => Valores de decisão :1.213325 e 1.21332
2021-02-15 15:55:25,728 INFO compra => Direção : put
2021-02-15 15:55:28,636 INFO <module> => Ordem de analis  0-1-2-3
2021-02-15 15:55:28,636 INFO <module> => Valores de vetores:1.21331,1.21332,1.213325
2021-02-15 15:55:28,636 INFO <module> => Valores de decisão :1.213325 e 1.21332
2021-02-15 15:55:28,636 INFO compra => Direção : put
2021-02-15 15:55:31,691 INFO <module> => Ordem de analis  0-1-2-3
2021-02-15 15:55:31,692 INFO <module> => Valores de vetores:1.21331,1.21332,1.213325
2021-02-15 15:55:31,692 INFO <module> => Valores de decisão :1.213325 e 1.21332
2021-02-15 15:55:31,692 INFO compra => Direção : put
2021-02-15 15:55:34,700 INFO <module> => Ordem de analis  0-1-2-3
2021-02-15 15:55:34,701 INFO <module> => Valores de vetores:1.21331,1.21332,1.213325
2021-02-15 15:55:34,701 INFO <module> => Valores de decisão :1.213325 e 1.21332
2021-02-15 15:55:34,701 INFO compra => Direção : put
2021-02-15 15:55:37,710 INFO <module> => Ordem de analis  0-1-2-3
2021-02-15 15:55:37,711 INFO <module> => Valores de vetores:1.21331,1.21332,1.213325
2021-02-15 15:55:37,711 INFO <module> => Valores de decisão :1.213325 e 1.21332
2021-02-15 15:55:37,711 INFO compra => Direção : put
2021-02-15 15:55:40,744 INFO <module> => Ordem de analis  0-1-2-3
2021-02-15 15:55:40,744 INFO <module> => Valores de vetores:1.21331,1.21332,1.213325
2021-02-15 15:55:40,744 INFO <module> => Valores de decisão :1.213325 e 1.21332
2021-02-15 15:55:40,744 INFO compra => Direção : put
2021-02-15 15:55:43,928 INFO <module> => Ordem de analis  0-1-2-3
2021-02-15 15:55:43,928 INFO <module> => Valores de vetores:1.21331,1.21332,1.213325
2021-02-15 15:55:43,928 INFO <module> => Valores de decisão :1.213325 e 1.21332
2021-02-15 15:55:43,929 INFO compra => Direção : put
2021-02-15 15:55:46,931 INFO <module> => Ordem de analis  0-1-2-3
2021-02-15 15:55:46,931 INFO <module> => Valores de vetores:1.21331,1.21332,1.213325
2021-02-15 15:55:46,931 INFO <module> => Valores de decisão :1.213325 e 1.21332
2021-02-15 15:55:46,931 INFO compra => Direção : put
2021-02-15 15:55:49,743 INFO <module> => Ordem de analis  0-1-2-3
2021-02-15 15:55:49,744 INFO <module> => Valores de vetores:1.21331,1.21332,1.213325
2021-02-15 15:55:49,744 INFO <module> => Valores de decisão :1.213325 e 1.21332
2021-02-15 15:55:49,744 INFO compra => Direção : put
2021-02-15 15:55:52,582 INFO <module> => Ordem de analis  0-1-2-3
2021-02-15 15:55:52,583 INFO <module> => Valores de vetores:1.21331,1.21332,1.213325
2021-02-15 15:55:52,583 INFO <module> => Valores de decisão :1.213325 e 1.21332
2021-02-15 15:55:52,583 INFO compra => Direção : put
2021-02-15 15:55:55,652 INFO <module> => Ordem de analis  0-1-2-3
2021-02-15 15:55:55,652 INFO <module> => Valores de vetores:1.21331,1.21332,1.213325
2021-02-15 15:55:55,652 INFO <module> => Valores de decisão :1.213325 e 1.21332
2021-02-15 15:55:55,652 INFO compra => Direção : put
2021-02-15 15:55:58,562 INFO <module> => Ordem de analis  0-1-2-3
2021-02-15 15:55:58,562 INFO <module> => Valores de vetores:1.21331,1.21332,1.213325
2021-02-15 15:55:58,562 INFO <module> => Valores de decisão :1.213325 e 1.21332
2021-02-15 15:55:58,562 INFO compra => Direção : put
2021-02-15 15:56:01,576 INFO <module> => Ordem de analis  0-1-2-3
2021-02-15 15:56:01,576 INFO <module> => Valores de vetores:1.21331,1.21332,1.213325
2021-02-15 15:56:01,576 INFO <module> => Valores de decisão :1.213325 e 1.21332
2021-02-15 15:56:01,576 INFO compra => Direção : put
2021-02-15 16:02:34,020 INFO <module> => Ordem de analis é 3-0-1-2
2021-02-15 16:02:34,020 INFO <module> => Valores de vetores:1.213155,1.21313,1.213115
2021-02-15 16:02:34,020 INFO <module> => Valores de decisão :1.213115 e 1.21313
2021-02-15 16:02:34,021 INFO compra => Direção : call
2021-02-15 16:02:36,880 INFO <module> => Ordem de analis é 3-0-1-2
2021-02-15 16:02:36,880 INFO <module> => Valores de vetores:1.213155,1.21313,1.213115
2021-02-15 16:02:36,880 INFO <module> => Valores de decisão :1.213115 e 1.21313
2021-02-15 16:02:36,880 INFO compra => Direção : call
2021-02-15 16:02:39,620 INFO <module> => Ordem de analis é 3-0-1-2
2021-02-15 16:02:39,620 INFO <module> => Valores de vetores:1.213155,1.21313,1.213115
2021-02-15 16:02:39,620 INFO <module> => Valores de decisão :1.213115 e 1.21313
2021-02-15 16:02:39,620 INFO compra => Direção : call
2021-02-15 16:02:43,414 INFO <module> => Ordem de analis é 3-0-1-2
2021-02-15 16:02:43,414 INFO <module> => Valores de vetores:1.213155,1.21313,1.213115
2021-02-15 16:02:43,414 INFO <module> => Valores de decisão :1.213115 e 1.21313
2021-02-15 16:02:43,414 INFO compra => Direção : call
2021-02-15 16:02:46,960 INFO <module> => Ordem de analis é 3-0-1-2
2021-02-15 16:02:46,960 INFO <module> => Valores de vetores:1.213155,1.21313,1.213115
2021-02-15 16:02:46,960 INFO <module> => Valores de decisão :1.213115 e 1.21313
2021-02-15 16:02:46,960 INFO compra => Direção : call
2021-02-15 16:02:49,625 INFO <module> => Ordem de analis é 3-0-1-2
2021-02-15 16:02:49,626 INFO <module> => Valores de vetores:1.213155,1.21313,1.213115
2021-02-15 16:02:49,626 INFO <module> => Valores de decisão :1.213115 e 1.21313
2021-02-15 16:02:49,626 INFO compra => Direção : call
2021-02-15 16:10:02,986 INFO <module> => Ordem de analis é 3-0-1-2
2021-02-15 16:10:02,986 INFO <module> => Valores de vetores:1.21317,1.21319,1.2132
2021-02-15 16:10:02,986 INFO <module> => Valores de decisão :1.2132 e 1.21319
2021-02-15 16:10:02,986 INFO compra => Direção : put
2021-02-15 16:10:05,860 INFO <module> => Ordem de analis é 3-0-1-2
2021-02-15 16:10:05,860 INFO <module> => Valores de vetores:1.21317,1.21319,1.2132
2021-02-15 16:10:05,860 INFO <module> => Valores de decisão :1.2132 e 1.21319
2021-02-15 16:10:05,861 INFO compra => Direção : put
2021-02-15 16:10:08,624 INFO <module> => Ordem de analis é 3-0-1-2
2021-02-15 16:10:08,624 INFO <module> => Valores de vetores:1.21317,1.21319,1.2132
2021-02-15 16:10:08,624 INFO <module> => Valores de decisão :1.2132 e 1.21319
2021-02-15 16:10:08,624 INFO compra => Direção : put
2021-02-15 16:10:44,577 INFO <module> => Ordem de analis é 3-0-1-2
2021-02-15 16:10:44,577 INFO <module> => Valores de vetores:1.21317,1.21319,1.2132
2021-02-15 16:10:44,577 INFO <module> => Valores de decisão :1.2132 e 1.21319
2021-02-15 16:10:44,578 INFO compra => Direção : put
2021-02-15 16:10:48,067 INFO <module> => Ordem de analis é 3-0-1-2
2021-02-15 16:10:48,067 INFO <module> => Valores de vetores:1.21317,1.21319,1.2132
2021-02-15 16:10:48,068 INFO <module> => Valores de decisão :1.2132 e 1.21319
2021-02-15 16:10:48,068 INFO compra => Direção : put
2021-02-15 16:10:50,716 INFO <module> => Ordem de analis é 3-0-1-2
2021-02-15 16:10:50,716 INFO <module> => Valores de vetores:1.21317,1.21319,1.2132
2021-02-15 16:10:50,716 INFO <module> => Valores de decisão :1.2132 e 1.21319
2021-02-15 16:10:50,716 INFO compra => Direção : put
2021-02-15 16:10:55,008 INFO <module> => Ordem de analis é 3-0-1-2
2021-02-15 16:10:55,008 INFO <module> => Valores de vetores:1.21317,1.21319,1.2132
2021-02-15 16:10:55,008 INFO <module> => Valores de decisão :1.2132 e 1.21319
2021-02-15 16:10:55,008 INFO compra => Direção : put
2021-02-15 16:10:57,907 INFO <module> => Ordem de analis é 3-0-1-2
2021-02-15 16:10:57,907 INFO <module> => Valores de vetores:1.21317,1.21319,1.2132
2021-02-15 16:10:57,907 INFO <module> => Valores de decisão :1.2132 e 1.21319
2021-02-15 16:10:57,907 INFO compra => Direção : put
2021-02-15 16:11:00,741 INFO <module> => Ordem de analis é 3-0-1-2
2021-02-15 16:11:00,891 INFO <module> => Valores de vetores:1.21317,1.21319,1.2132
2021-02-15 16:11:00,891 INFO <module> => Valores de decisão :1.2132 e 1.21319
2021-02-15 16:11:00,891 INFO compra => Direção : put
2021-02-15 16:14:16,212 INFO <module> => Ordem de analis é 3-0-1-2
2021-02-15 16:14:16,212 INFO <module> => Valores de vetores:1.2131750000000001,1.21316,1.213155
2021-02-15 16:14:16,212 INFO <module> => Valores de decisão :1.213155 e 1.21316
2021-02-15 16:14:16,212 INFO compra => Direção : call
2021-02-15 16:14:18,574 INFO <module> => Ordem de analis é 3-0-1-2
2021-02-15 16:14:18,574 INFO <module> => Valores de vetores:1.2131750000000001,1.21316,1.213155
2021-02-15 16:14:18,575 INFO <module> => Valores de decisão :1.213155 e 1.21316
2021-02-15 16:14:18,575 INFO compra => Direção : call
2021-02-15 16:18:54,534 ERROR get_candles => **error** get_candles need reconnect
2021-02-15 16:19:03,609 INFO <module> => Iniciando EXE
2021-02-15 16:35:24,037 INFO <module> => Ordem de analis é 1-2-3-0 
2021-02-15 16:35:24,037 INFO <module> => Valores de vetores:1.21313,1.21314,1.2131500000000002
2021-02-15 16:35:24,037 INFO <module> => Valores de decisão :1.2131500000000002 e 1.21314
2021-02-15 16:35:24,038 INFO compra => Direção : put
2021-02-15 16:35:26,753 INFO <module> => Ordem de analis é 1-2-3-0 
2021-02-15 16:35:26,754 INFO <module> => Valores de vetores:1.21313,1.21314,1.2131500000000002
2021-02-15 16:35:26,754 INFO <module> => Valores de decisão :1.2131500000000002 e 1.21314
2021-02-15 16:35:26,754 INFO compra => Direção : put
2021-02-15 16:38:53,415 ERROR get_candles => **error** get_candles need reconnect
2021-02-15 16:39:02,017 INFO <module> => Iniciando EXE
2021-02-17 18:10:28,771 ERROR on_error => [Errno -3] Temporary failure in name resolution
2021-02-19 13:26:16,876 INFO <module> => Iniciando EXE
